<?xml version="1.0" encoding="UTF-8"?>
<testng-results ignored="0" total="5" passed="5" failed="0" skipped="0">
  <reporter-output>
  </reporter-output>
  <suite started-at="2024-04-01T09:57:39 IST" name="Default suite" finished-at="2024-04-01T09:59:15 IST" duration-ms="96242">
    <groups>
      <group name="cucumber">
        <method signature="AbstractTestNGCucumberTests.runScenario(io.cucumber.testng.PickleWrapper,io.cucumber.testng.FeatureWrapper)[pri:0, instance:runner.RunnerClass@221a3fa4]" name="runScenario" class="io.cucumber.testng.AbstractTestNGCucumberTests"/>
      </group> <!-- cucumber -->
    </groups>
    <test started-at="2024-04-01T09:57:39 IST" name="Default test" finished-at="2024-04-01T09:59:15 IST" duration-ms="96242">
      <class name="runner.RunnerClass">
        <test-method is-config="true" signature="setUpClass(org.testng.ITestContext)[pri:0, instance:runner.RunnerClass@221a3fa4]" started-at="2024-04-01T09:57:39 IST" name="setUpClass" finished-at="2024-04-01T09:57:39 IST" duration-ms="228" status="PASS">
          <params>
            <param index="0">
              <value>
                <![CDATA[org.testng.TestRunner@33425811]]>
              </value>
            </param>
          </params>
          <reporter-output>
          </reporter-output>
        </test-method> <!-- setUpClass -->
        <test-method signature="runScenario(io.cucumber.testng.PickleWrapper,io.cucumber.testng.FeatureWrapper)[pri:0, instance:runner.RunnerClass@221a3fa4]" started-at="2024-04-01T09:57:39 IST" name="runScenario" description="Runs Cucumber Scenarios" data-provider="scenarios" finished-at="2024-04-01T09:57:51 IST" duration-ms="12098" status="PASS">
          <params>
            <param index="0">
              <value>
                <![CDATA["Search for a route between two cities"]]>
              </value>
            </param>
            <param index="1">
              <value>
                <![CDATA["Search for bus routes"]]>
              </value>
            </param>
          </params>
          <reporter-output>
          </reporter-output>
        </test-method> <!-- runScenario -->
        <test-method signature="runScenario(io.cucumber.testng.PickleWrapper,io.cucumber.testng.FeatureWrapper)[pri:0, instance:runner.RunnerClass@221a3fa4]" started-at="2024-04-01T09:57:51 IST" name="runScenario" description="Runs Cucumber Scenarios" data-provider="scenarios" finished-at="2024-04-01T09:58:10 IST" duration-ms="19293" status="PASS">
          <params>
            <param index="0">
              <value>
                <![CDATA["list of different types of filters"]]>
              </value>
            </param>
            <param index="1">
              <value>
                <![CDATA["Search for bus routes"]]>
              </value>
            </param>
          </params>
          <reporter-output>
          </reporter-output>
        </test-method> <!-- runScenario -->
        <test-method signature="runScenario(io.cucumber.testng.PickleWrapper,io.cucumber.testng.FeatureWrapper)[pri:0, instance:runner.RunnerClass@221a3fa4]" started-at="2024-04-01T09:58:10 IST" name="runScenario" description="Runs Cucumber Scenarios" data-provider="scenarios" finished-at="2024-04-01T09:58:30 IST" duration-ms="20182" status="PASS">
          <params>
            <param index="0">
              <value>
                <![CDATA["checking the TSRTC Buses"]]>
              </value>
            </param>
            <param index="1">
              <value>
                <![CDATA["Search for bus routes"]]>
              </value>
            </param>
          </params>
          <reporter-output>
          </reporter-output>
        </test-method> <!-- runScenario -->
        <test-method signature="runScenario(io.cucumber.testng.PickleWrapper,io.cucumber.testng.FeatureWrapper)[pri:0, instance:runner.RunnerClass@221a3fa4]" started-at="2024-04-01T09:58:30 IST" name="runScenario" description="Runs Cucumber Scenarios" data-provider="scenarios" finished-at="2024-04-01T09:58:52 IST" duration-ms="21473" status="PASS">
          <params>
            <param index="0">
              <value>
                <![CDATA["cheking the APSRTC buses"]]>
              </value>
            </param>
            <param index="1">
              <value>
                <![CDATA["Search for bus routes"]]>
              </value>
            </param>
          </params>
          <reporter-output>
          </reporter-output>
        </test-method> <!-- runScenario -->
        <test-method signature="runScenario(io.cucumber.testng.PickleWrapper,io.cucumber.testng.FeatureWrapper)[pri:0, instance:runner.RunnerClass@221a3fa4]" started-at="2024-04-01T09:58:52 IST" name="runScenario" description="Runs Cucumber Scenarios" data-provider="scenarios" finished-at="2024-04-01T09:59:15 IST" duration-ms="22900" status="PASS">
          <params>
            <param index="0">
              <value>
                <![CDATA["giving of filter"]]>
              </value>
            </param>
            <param index="1">
              <value>
                <![CDATA["Search for bus routes"]]>
              </value>
            </param>
          </params>
          <reporter-output>
          </reporter-output>
        </test-method> <!-- runScenario -->
        <test-method is-config="true" signature="tearDownClass()[pri:0, instance:runner.RunnerClass@221a3fa4]" started-at="2024-04-01T09:59:15 IST" name="tearDownClass" finished-at="2024-04-01T09:59:15 IST" duration-ms="4" status="PASS">
          <reporter-output>
          </reporter-output>
        </test-method> <!-- tearDownClass -->
      </class> <!-- runner.RunnerClass -->
    </test> <!-- Default test -->
  </suite> <!-- Default suite -->
</testng-results>
